<?xml version="1.0" encoding="UTF-8"?>
<!-- Generated by org.testng.reporters.JUnitXMLReporter -->
<testsuite ignored="0" hostname="LAPTOP-43Q7UNA5" failures="0" tests="3" name="Default test" time="15.988" errors="0" timestamp="10 Oct 2021 14:57:54 GMT">
  <testcase classname="Apiautomation.Apiautomation.Exaples" name="run" time="6.849"/>
  <testcase classname="Apiautomation.Apiautomation.Exaples" name="run" time="4.81"/>
  <testcase classname="Apiautomation.Apiautomation.Exaples" name="run" time="4.295"/>
</testsuite> <!-- Default test -->
